Using pre-set license
Built from '2020.3/staging' branch; Version is '2020.3.8f1 (507919d4fff5) revision 5273881'; Using compiler version '192528614'; Build Type 'Release'
OS: 'Windows 10 Pro; OS build 19042.985; Version 2009; 64bit' Language: 'en' Physical Memory: 4013 MB
BatchMode: 1, IsHumanControllingUs: 0, StartBugReporterOnCrash: 0, Is64bit: 1, IsPro: 0

 COMMAND LINE ARGUMENTS:
C:\Program Files\Unity\Hub\Editor\2020.3.8f1\Editor\Unity.exe
-adb2
-batchMode
-noUpm
-name
AssetImportWorker0
-projectPath
C:/Users/alanh/Documents/GitHub/first-unity-game/Jumping Block Game
-logFile
Logs/AssetImportWorker0.log
-srvPort
52003
Successfully changed project path to: C:/Users/alanh/Documents/GitHub/first-unity-game/Jumping Block Game
C:/Users/alanh/Documents/GitHub/first-unity-game/Jumping Block Game
Using Asset Import Pipeline V2.
Refreshing native plugins compatible for Editor in 148.43 ms, found 0 plugins.
Preloading 0 native plugins for Editor in 0.00 ms.
Initialize engine version: 2020.3.8f1 (507919d4fff5)
[Subsystems] Discovering subsystems at path C:/Program Files/Unity/Hub/Editor/2020.3.8f1/Editor/Data/Resources/UnitySubsystems
[Subsystems] Discovering subsystems at path C:/Users/alanh/Documents/GitHub/first-unity-game/Jumping Block Game/Assets
GfxDevice: creating device client; threaded=0
Direct3D:
    Version:  Direct3D 11.0 [level 11.1]
    Renderer: Intel(R) HD Graphics 615 (ID=0x591e)
    Vendor:   
    VRAM:     2006 MB
    Driver:   27.20.100.8682
Initialize mono
Mono path[0] = 'C:/Program Files/Unity/Hub/Editor/2020.3.8f1/Editor/Data/Managed'
Mono path[1] = 'C:/Program Files/Unity/Hub/Editor/2020.3.8f1/Editor/Data/MonoBleedingEdge/lib/mono/unityjit'
Mono config path = 'C:/Program Files/Unity/Hub/Editor/2020.3.8f1/Editor/Data/MonoBleedingEdge/etc'
Using monoOptions --debugger-agent=transport=dt_socket,embedding=1,server=y,suspend=n,address=127.0.0.1:56808
Begin MonoManager ReloadAssembly
Registering precompiled unity dll's ...
Register platform support module: C:/Program Files/Unity/Hub/Editor/2020.3.8f1/Editor/Data/PlaybackEngines/WindowsStandaloneSupport/UnityEditor.WindowsStandalone.Extensions.dll
Registered in 0.007123 seconds.
Native extension for WindowsStandalone target not found
Refreshing native plugins compatible for Editor in 75.27 ms, found 0 plugins.
Preloading 0 native plugins for Editor in 0.00 ms.
Mono: successfully reloaded assembly
- Completed reload, in 13.660 seconds
Platform modules already initialized, skipping
Registering precompiled user dll's ...
Registered in 0.002225 seconds.
Begin MonoManager ReloadAssembly
Native extension for WindowsStandalone target not found
Refreshing native plugins compatible for Editor in 0.52 ms, found 0 plugins.
Preloading 0 native plugins for Editor in 0.00 ms.
Mono: successfully reloaded assembly
- Completed reload, in  2.945 seconds
Platform modules already initialized, skipping
========================================================================
Worker process is ready to serve import requests
Launched and connected shader compiler UnityShaderCompiler.exe after 0.31 seconds
Refreshing native plugins compatible for Editor in 0.70 ms, found 0 plugins.
Preloading 0 native plugins for Editor in 0.00 ms.
Unloading 1120 Unused Serialized files (Serialized files now loaded: 0)
System memory in use before: 57.3 MB.
System memory in use after: 57.4 MB.

Unloading 9 unused Assets to reduce memory usage. Loaded Objects now: 1564.
Total: 5.797300 ms (FindLiveObjects: 0.455000 ms CreateObjectMapping: 0.209400 ms MarkObjects: 4.927900 ms  DeleteObjects: 0.200700 ms)

========================================================================
Received Import Request.
  path: Assets/Scenes
  artifactKey: Guid(0c1768774363ec147a2a3bef8401fff2) Importer(815301076,1909f56bfc062723c751e8b465ee728b)
Start importing Assets/Scenes using Guid(0c1768774363ec147a2a3bef8401fff2) Importer(815301076,1909f56bfc062723c751e8b465ee728b)  -> (artifact id: 'ed10313a0e8ee5f094039f2f94b39974') in 0.091649 seconds
  Import took 0.125628 seconds .

========================================================================
Received Import Request.
  Time since last request: 0.007754 seconds.
  path: Assets/Scripts/EndTrigger.cs
  artifactKey: Guid(4c6b94448c4f49b40be85cc50acec842) Importer(815301076,1909f56bfc062723c751e8b465ee728b)
Start importing Assets/Scripts/EndTrigger.cs using Guid(4c6b94448c4f49b40be85cc50acec842) Importer(815301076,1909f56bfc062723c751e8b465ee728b)  -> (artifact id: 'e8da3a5fa3c1a7eb17cc6c71f18f1906') in 0.597607 seconds
  Import took 0.621509 seconds .

========================================================================
Received Import Request.
  Time since last request: 0.000389 seconds.
  path: Assets/Scripts
  artifactKey: Guid(85c7f73af972f554393d530a2eb307be) Importer(815301076,1909f56bfc062723c751e8b465ee728b)
Start importing Assets/Scripts using Guid(85c7f73af972f554393d530a2eb307be) Importer(815301076,1909f56bfc062723c751e8b465ee728b)  -> (artifact id: '5c29236c7fdfd83a4b9bffe56cc13a78') in 0.011864 seconds
  Import took 0.120661 seconds .

========================================================================
Received Prepare
Refreshing native plugins compatible for Editor in 3.55 ms, found 0 plugins.
Preloading 0 native plugins for Editor in 0.00 ms.
Unloading 3 Unused Serialized files (Serialized files now loaded: 0)
System memory in use before: 35.0 MB.
System memory in use after: 35.1 MB.

Unloading 2 unused Assets to reduce memory usage. Loaded Objects now: 1564.
Total: 4.772600 ms (FindLiveObjects: 0.277300 ms CreateObjectMapping: 0.074300 ms MarkObjects: 4.383400 ms  DeleteObjects: 0.034800 ms)

========================================================================
Received Prepare
Registering precompiled user dll's ...
Registered in 0.001725 seconds.
Begin MonoManager ReloadAssembly
Native extension for WindowsStandalone target not found
Refreshing native plugins compatible for Editor in 0.45 ms, found 0 plugins.
Preloading 0 native plugins for Editor in 0.00 ms.
Mono: successfully reloaded assembly
- Completed reload, in  2.118 seconds
Platform modules already initialized, skipping
Refreshing native plugins compatible for Editor in 0.40 ms, found 0 plugins.
Preloading 0 native plugins for Editor in 0.00 ms.
Unloading 1115 Unused Serialized files (Serialized files now loaded: 0)
System memory in use before: 57.2 MB.
System memory in use after: 57.3 MB.

Unloading 4 unused Assets to reduce memory usage. Loaded Objects now: 1567.
Total: 3.650900 ms (FindLiveObjects: 0.260700 ms CreateObjectMapping: 0.083600 ms MarkObjects: 3.263000 ms  DeleteObjects: 0.040800 ms)

========================================================================
Received Import Request.
  Time since last request: 225.993851 seconds.
  path: Assets/Scripts/GameManager.cs
  artifactKey: Guid(d58d178b368ea0648b2645e3d25fe662) Importer(815301076,1909f56bfc062723c751e8b465ee728b)
Start importing Assets/Scripts/GameManager.cs using Guid(d58d178b368ea0648b2645e3d25fe662) Importer(815301076,1909f56bfc062723c751e8b465ee728b)  -> (artifact id: 'ee11e2cf1b10d744c8626d40e592bf34') in 0.186552 seconds
  Import took 0.200471 seconds .

